Log of time -p ./controller -s sf -v 1 
Thu Mar 14 13:40:36 2013

scheduling is sf
vm window is 1
('1', 1, 'grb1', 'gra1-2', 548864)
('2', 1, 'grb1', 'gra1-1', 548864)
('3', 2, 'grb2', 'gra2-3', 548864)
('4', 2, 'grb2', 'gra2-2', 548864)
('5', 2, 'grb2', 'gra2-1', 548864)
('6', 2, 'grb2', 'gra2-4', 548864)
('7', 3, 'grb3', 'gra3-1', 548864)
('8', 3, 'grb3', 'gra3-3', 548864)
('9', 3, 'grb3', 'gra3-5', 548864)
('10', 3, 'grb3', 'gra3-6', 548864)
('11', 3, 'grb3', 'gra3-8', 548864)
('12', 3, 'grb3', 'gra3-7', 548864)
('13', 3, 'grb3', 'gra3-2', 548864)
('14', 3, 'grb3', 'gra3-4', 548864)
('15', 1, 'grb1', 'gra1-3', 1073152)
('16', 2, 'grb2', 'gra2-6', 1073152)
('17', 2, 'grb2', 'gra2-5', 1073152)
('18', 4, 'grb4', 'gra4-2', 1073152)
('19', 4, 'grb4', 'gra4-3', 1073152)
('20', 4, 'grb4', 'gra4-1', 1073152)
('21', 4, 'grb4', 'gra4-4', 1073152)
('22', 5, 'grb5', 'gra5-2', 1073152)
('23', 5, 'grb5', 'gra5-1', 1097728)
('24', 6, 'grb6', 'gra6-1', 1097728)
('25', 1, 'grb1', 'gra1-4', 2138112)
('26', 5, 'grb5', 'gra5-3', 2185216)
('27', 7, 'grb7', 'gra7-1', 2185216)
('28', 7, 'grb7', 'gra7-2', 2185216)
('29', 6, 'grb6', 'gra6-2', 3201024)
1 has started.
list=[ 2 3 ssh grb1 "virsh migrate --live gra1-2 qemu+ssh://gra1/system"
ssh grb1 "mkdir -p /root/vmstate; ssh gra1 mkdir -p /root/vmstate"
4 5 6 7 8 9 10 11 12 13 14 15 16 17 18 19 20 21 22 23 24 25 26 27 28 29 ] mq=[ 1 ] susq=[ ]
waiting ...
ssh grb1 "rm -rf /root/vmstate/gra1-2.vstat; ssh gra1 rm -rf /root/vmstate/gra1-2.vstat"
saving gra1-2 to /root/vmstate/gra1-2.vstat ... 
ssh grb1 virsh save gra1-2 /root/vmstate/gra1-2.vstat
transferring /root/vmstate/gra1-2.vstat to gra1 ... 
ssh grb1 globus-url-copy -p 1 /root/vmstate/gra1-2.vstat sshftp://gra1//root/vmstate/gra1-2.vstat
restoring /root/vmstate/gra1-2.vstat from gra1... 
ssh grb1 ssh gra1 virsh restore /root/vmstate/gra1-2.vstat
gridftp 13.6480720043 5.86306095123 5.11808586121 2.66692519188
finish 14.0948941708 20.1770341396
released.
ssh grb1 "virsh migrate --live gra1-1 qemu+ssh://gra1/system"
ssh grb1 "mkdir -p /root/vmstate; ssh gra1 mkdir -p /root/vmstate"
2 has started.
list=[ 3 4 5 6 7 8 9 10 11 12 13 14 15 16 17 18 19 20 21 22 23 24 25 26 27 28 29 ] mq=[ 2 ] susq=[ ]
waiting ...
ssh grb1 "rm -rf /root/vmstate/gra1-1.vstat; ssh gra1 rm -rf /root/vmstate/gra1-1.vstat"
saving gra1-1 to /root/vmstate/gra1-1.vstat ... 
ssh grb1 virsh save gra1-1 /root/vmstate/gra1-1.vstat
transferring /root/vmstate/gra1-1.vstat to gra1 ... 
ssh grb1 globus-url-copy -p 1 /root/vmstate/gra1-1.vstat sshftp://gra1//root/vmstate/gra1-1.vstat
restoring /root/vmstate/gra1-1.vstat from gra1... 
ssh grb1 ssh gra1 virsh restore /root/vmstate/gra1-1.vstat
gridftp 15.63159585 4.75862193108 5.11532902718 5.75764489174
finish 16.308054924 36.4856109619
released.
ssh grb2 "virsh migrate --live gra2-3 qemu+ssh://gra2/system"
ssh grb2 "mkdir -p /root/vmstate; ssh gra2 mkdir -p /root/vmstate"
3 has started.
list=[ 4 5 6 7 8 9 10 11 12 13 14 15 16 17 18 19 20 21 22 23 24 25 26 27 28 29 ] mq=[ 3 ] susq=[ ]
waiting ...
ssh grb2 "rm -rf /root/vmstate/gra2-3.vstat; ssh gra2 rm -rf /root/vmstate/gra2-3.vstat"
saving gra2-3 to /root/vmstate/gra2-3.vstat ... 
ssh grb2 virsh save gra2-3 /root/vmstate/gra2-3.vstat
transferring /root/vmstate/gra2-3.vstat to gra2 ... 
ssh grb2 globus-url-copy -p 1 /root/vmstate/gra2-3.vstat sshftp://gra2//root/vmstate/gra2-3.vstat
restoring /root/vmstate/gra2-3.vstat from gra2... 
ssh grb2 ssh gra2 virsh restore /root/vmstate/gra2-3.vstat
gridftp 12.1270039082 4.13727211952 5.35198283195 2.63774895668
finish 12.568572998 49.0554361343
released.
ssh grb2 "virsh migrate --live gra2-2 qemu+ssh://gra2/system"4 has started.
list=[ 5 6 7 8 9 10 11 12
ssh grb2 "mkdir -p /root/vmstate; ssh gra2 mkdir -p /root/vmstate"
 13 14 15 16 17 18 19 20 21 22 23 24 25 26 27 28 29 ] mq=[ 4 ] susq=[ ]
waiting ...
ssh grb2 "rm -rf /root/vmstate/gra2-2.vstat; ssh gra2 rm -rf /root/vmstate/gra2-2.vstat"
saving gra2-2 to /root/vmstate/gra2-2.vstat ... 
ssh grb2 virsh save gra2-2 /root/vmstate/gra2-2.vstat
transferring /root/vmstate/gra2-2.vstat to gra2 ... 
ssh grb2 globus-url-copy -p 1 /root/vmstate/gra2-2.vstat sshftp://gra2//root/vmstate/gra2-2.vstat
restoring /root/vmstate/gra2-2.vstat from gra2... 
ssh grb2 ssh gra2 virsh restore /root/vmstate/gra2-2.vstat
gridftp 16.9948751926 5.93544101715 5.11059713364 5.94883704185
finish 17.4307878017 66.486907959
released.
ssh grb2 "virsh migrate --live gra2-1 qemu+ssh://gra2/system"
ssh grb2 "mkdir -p /root/vmstate; ssh gra2 mkdir -p /root/vmstate"
5 has started.
list=[ 6 7 8 9 10 11 12 13 14 15 16 17 18 19 20 21 22 23 24 25 26 27 28 29 ] mq=[ 5 ] susq=[ ]
waiting ...
ssh grb2 "rm -rf /root/vmstate/gra2-1.vstat; ssh gra2 rm -rf /root/vmstate/gra2-1.vstat"
saving gra2-1 to /root/vmstate/gra2-1.vstat ... 
ssh grb2 virsh save gra2-1 /root/vmstate/gra2-1.vstat
transferring /root/vmstate/gra2-1.vstat to gra2 ... 
ssh grb2 globus-url-copy -p 1 /root/vmstate/gra2-1.vstat sshftp://gra2//root/vmstate/gra2-1.vstat
restoring /root/vmstate/gra2-1.vstat from gra2... 
ssh grb2 ssh gra2 virsh restore /root/vmstate/gra2-1.vstat
gridftp 26.3572738171 5.55539798737 5.87245488167 14.929420948
finish 27.0032701492 93.4906980991
released.
ssh grb2 "virsh migrate --live gra2-4 qemu+ssh://gra2/system"
 6 has started.
list=[ 7ssh grb2 "mkdir -p /root/vmstate; ssh gra2 mkdir -p /root/vmstate"
 8 9 10 11 12 13 14 15 16 17 18 19 20 21 22 23 24 25 26 27 28 29 ] mq=[ 6 ] susq=[ ]
waiting ...
ssh grb2 "rm -rf /root/vmstate/gra2-4.vstat; ssh gra2 rm -rf /root/vmstate/gra2-4.vstat"
saving gra2-4 to /root/vmstate/gra2-4.vstat ... 
ssh grb2 virsh save gra2-4 /root/vmstate/gra2-4.vstat
transferring /root/vmstate/gra2-4.vstat to gra2 ... 
ssh grb2 globus-url-copy -p 1 /root/vmstate/gra2-4.vstat sshftp://gra2//root/vmstate/gra2-4.vstat
restoring /root/vmstate/gra2-4.vstat from gra2... 
ssh grb2 ssh gra2 virsh restore /root/vmstate/gra2-4.vstat
gridftp 23.2276852131 5.23413109779 12.9687831402 5.02477097511
finish 23.7003469467 117.191628933
released.
ssh grb3 "virsh migrate --live gra3-1 qemu+ssh://gra3/system"
ssh grb3 "mkdir -p /root/vmstate; ssh gra3 mkdir -p /root/vmstate"
7 has started.
list=[ 8 9 10 11 12 13 14 15 16 17 18 19 20 21 22 23 24 25 26 27 28 29 ] mq=[ 7 ] susq=[ ]
waiting ...
ssh grb3 "rm -rf /root/vmstate/gra3-1.vstat; ssh gra3 rm -rf /root/vmstate/gra3-1.vstat"
saving gra3-1 to /root/vmstate/gra3-1.vstat ... 
ssh grb3 virsh save gra3-1 /root/vmstate/gra3-1.vstat
transferring /root/vmstate/gra3-1.vstat to gra3 ... 
ssh grb3 globus-url-copy -p 1 /root/vmstate/gra3-1.vstat sshftp://gra3//root/vmstate/gra3-1.vstat
restoring /root/vmstate/gra3-1.vstat from gra3... 
ssh grb3 ssh gra3 virsh restore /root/vmstate/gra3-1.vstat
gridftp 16.3812282085 7.79140615463 5.11223196983 3.47759008408
finish 16.8231561184 134.015315056
released.
ssh grb3 "virsh migrate --live gra3-3 qemu+ssh://gra3/system"
ssh grb3 "mkdir -p /root/vmstate; ssh gra3 mkdir -p /root/vmstate"
8 has started.
list=[ 9 10 11 12 13 14 15 16 17 18 19 20 21 22 23 24 25 26 27 28 29 ] mq=[ 8 ] susq=[ ]
waiting ...
ssh grb3 "rm -rf /root/vmstate/gra3-3.vstat; ssh gra3 rm -rf /root/vmstate/gra3-3.vstat"
saving gra3-3 to /root/vmstate/gra3-3.vstat ... 
ssh grb3 virsh save gra3-3 /root/vmstate/gra3-3.vstat
transferring /root/vmstate/gra3-3.vstat to gra3 ... 
ssh grb3 globus-url-copy -p 1 /root/vmstate/gra3-3.vstat sshftp://gra3//root/vmstate/gra3-3.vstat
restoring /root/vmstate/gra3-3.vstat from gra3... 
ssh grb3 ssh gra3 virsh restore /root/vmstate/gra3-3.vstat
gridftp 28.3529667854 14.1233289242 5.18138694763 9.04825091362
finish 28.78926301 162.805094957
released.
ssh grb3 "virsh migrate --live gra3-5 qemu+ssh://gra3/system"
 9 has started.
list=[ 10 11 12 13 14 15 16ssh grb3 "mkdir -p /root/vmstate; ssh gra3 mkdir -p /root/vmstate"
 17 18 19 20 21 22 23 24 25 26 27 28 29 ] mq=[ 9 ] susq=[ ]
waiting ...
ssh grb3 "rm -rf /root/vmstate/gra3-5.vstat; ssh gra3 rm -rf /root/vmstate/gra3-5.vstat"
saving gra3-5 to /root/vmstate/gra3-5.vstat ... 
ssh grb3 virsh save gra3-5 /root/vmstate/gra3-5.vstat
transferring /root/vmstate/gra3-5.vstat to gra3 ... 
ssh grb3 globus-url-copy -p 1 /root/vmstate/gra3-5.vstat sshftp://gra3//root/vmstate/gra3-5.vstat
restoring /root/vmstate/gra3-5.vstat from gra3... 
ssh grb3 ssh gra3 virsh restore /root/vmstate/gra3-5.vstat
gridftp 26.7235100269 13.270442009 5.11924910545 8.33381891251
finish 27.1893918514 189.995049953
released.
ssh grb3 "virsh migrate --live gra3-6 qemu+ssh://gra3/system"
ssh grb3 "mkdir -p /root/vmstate; ssh gra3 mkdir -p /root/vmstate"
10 has started.
list=[ 11 12 13 14 15 16 17 18 19 20 21 22 23 24 25 26 27 28 29 ] mq=[ 10 ] susq=[ ]
waiting ...
ssh grb3 "rm -rf /root/vmstate/gra3-6.vstat; ssh gra3 rm -rf /root/vmstate/gra3-6.vstat"
saving gra3-6 to /root/vmstate/gra3-6.vstat ... 
ssh grb3 virsh save gra3-6 /root/vmstate/gra3-6.vstat
transferring /root/vmstate/gra3-6.vstat to gra3 ... 
ssh grb3 globus-url-copy -p 1 /root/vmstate/gra3-6.vstat sshftp://gra3//root/vmstate/gra3-6.vstat
restoring /root/vmstate/gra3-6.vstat from gra3... 
ssh grb3 ssh gra3 virsh restore /root/vmstate/gra3-6.vstat
gridftp 30.5171661377 9.25167393684 11.6106231213 9.65486907959
finish 34.5638289452 224.559391975
released.
ssh grb3 "virsh migrate --live gra3-8 qemu+ssh://gra3/system"
 11 has started.
list=[ 12ssh grb3 "mkdir -p /root/vmstate; ssh gra3 mkdir -p /root/vmstate"
 13 14 15 16 17 18 19 20 21 22 23 24 25 26 27 28 29 ] mq=[ 11 ] susq=[ ]
waiting ...
ssh grb3 "rm -rf /root/vmstate/gra3-8.vstat; ssh gra3 rm -rf /root/vmstate/gra3-8.vstat"
saving gra3-8 to /root/vmstate/gra3-8.vstat ... 
ssh grb3 virsh save gra3-8 /root/vmstate/gra3-8.vstat
transferring /root/vmstate/gra3-8.vstat to gra3 ... 
ssh grb3 globus-url-copy -p 1 /root/vmstate/gra3-8.vstat sshftp://gra3//root/vmstate/gra3-8.vstat
restoring /root/vmstate/gra3-8.vstat from gra3... 
ssh grb3 ssh gra3 virsh restore /root/vmstate/gra3-8.vstat
gridftp 37.9477062225 10.7777161598 9.95304107666 17.2169489861
finish 39.333742857 263.893682003
released.
12 has started.
list=[ 13 14 15 16 17ssh grb3 "virsh migrate --live gra3-7 qemu+ssh://gra3/system"
 18 19 20 21 22 ssh grb3 "mkdir -p /root/vmstate; ssh gra3 mkdir -p /root/vmstate"
23 24 25 26 27 28 29 ] mq=[ 12 ] susq=[ ]
waiting ...
ssh grb3 "rm -rf /root/vmstate/gra3-7.vstat; ssh gra3 rm -rf /root/vmstate/gra3-7.vstat"
saving gra3-7 to /root/vmstate/gra3-7.vstat ... 
ssh grb3 virsh save gra3-7 /root/vmstate/gra3-7.vstat
transferring /root/vmstate/gra3-7.vstat to gra3 ... 
ssh grb3 globus-url-copy -p 1 /root/vmstate/gra3-7.vstat sshftp://gra3//root/vmstate/gra3-7.vstat
restoring /root/vmstate/gra3-7.vstat from gra3... 
ssh grb3 ssh gra3 virsh restore /root/vmstate/gra3-7.vstat
gridftp 39.4282162189 12.5560181141 7.25744891167 19.6147491932
finish 40.5248858929 304.419162989
released.
ssh grb3 "virsh migrate --live gra3-2 qemu+ssh://gra3/system"
 13 has started.
list=[ 14 15 16ssh grb3 "mkdir -p /root/vmstate; ssh gra3 mkdir -p /root/vmstate"
 17 18 19 20 21 22 23 24 25 26 27 28 29 ] mq=[ 13 ] susq=[ ]
waiting ...
ssh grb3 "rm -rf /root/vmstate/gra3-2.vstat; ssh gra3 rm -rf /root/vmstate/gra3-2.vstat"
saving gra3-2 to /root/vmstate/gra3-2.vstat ... 
ssh grb3 virsh save gra3-2 /root/vmstate/gra3-2.vstat
transferring /root/vmstate/gra3-2.vstat to gra3 ... 
ssh grb3 globus-url-copy -p 1 /root/vmstate/gra3-2.vstat sshftp://gra3//root/vmstate/gra3-2.vstat
restoring /root/vmstate/gra3-2.vstat from gra3... 
ssh grb3 ssh gra3 virsh restore /root/vmstate/gra3-2.vstat
gridftp 48.3619036674 12.7262840271 16.2680208683 19.367598772
finish 49.2478179932 353.667551994
released.
14 has started.
list=[ ssh grb3 "virsh migrate --live gra3-4 qemu+ssh://gra3/system"
ssh grb3 "mkdir -p /root/vmstate; ssh gra3 mkdir -p /root/vmstate"
15 16 17 18 19 20 21 22 23 24 25 26 27 28 29 ] mq=[ 14 ] susq=[ ]
waiting ...
ssh grb3 "rm -rf /root/vmstate/gra3-4.vstat; ssh gra3 rm -rf /root/vmstate/gra3-4.vstat"
saving gra3-4 to /root/vmstate/gra3-4.vstat ... 
ssh grb3 virsh save gra3-4 /root/vmstate/gra3-4.vstat
transferring /root/vmstate/gra3-4.vstat to gra3 ... 
ssh grb3 globus-url-copy -p 1 /root/vmstate/gra3-4.vstat sshftp://gra3//root/vmstate/gra3-4.vstat
restoring /root/vmstate/gra3-4.vstat from gra3... 
ssh grb3 ssh gra3 virsh restore /root/vmstate/gra3-4.vstat
gridftp 37.9442312717 10.9725530148 10.7051711082 16.2665071487
finish 39.9606440067 393.628776073
released.
ssh grb1 "virsh migrate --live gra1-3 qemu+ssh://gra1/system"
ssh grb1 "mkdir -p /root/vmstate; ssh gra1 mkdir -p /root/vmstate"
15 has started.
list=[ 16 17 18 19 20 21 22 23 24 25 26 27 28 29 ] mq=[ 15 ] susq=[ ]
waiting ...
ssh grb1 "rm -rf /root/vmstate/gra1-3.vstat; ssh gra1 rm -rf /root/vmstate/gra1-3.vstat"
saving gra1-3 to /root/vmstate/gra1-3.vstat ... 
ssh grb1 virsh save gra1-3 /root/vmstate/gra1-3.vstat
transferring /root/vmstate/gra1-3.vstat to gra1 ... 
ssh grb1 globus-url-copy -p 1 /root/vmstate/gra1-3.vstat sshftp://gra1//root/vmstate/gra1-3.vstat
restoring /root/vmstate/gra1-3.vstat from gra1... 
ssh grb1 ssh gra1 virsh restore /root/vmstate/gra1-3.vstat
gridftp 74.2014038563 20.3019948006 21.0836560726 32.8157529831
finish 74.6727309227 468.302175999
released.
ssh grb2 "virsh migrate --live gra2-6 qemu+ssh://gra2/system"
 16 has started.
list=[ 17ssh grb2 "mkdir -p /root/vmstate; ssh gra2 mkdir -p /root/vmstate"
18 19 20 21 22 23 24 25 26 27 28 29 ] mq=[ 16 ] susq=[ ]
waiting ...
ssh grb2 "rm -rf /root/vmstate/gra2-6.vstat; ssh gra2 rm -rf /root/vmstate/gra2-6.vstat"
saving gra2-6 to /root/vmstate/gra2-6.vstat ... 
ssh grb2 virsh save gra2-6 /root/vmstate/gra2-6.vstat
transferring /root/vmstate/gra2-6.vstat to gra2 ... 
ssh grb2 globus-url-copy -p 1 /root/vmstate/gra2-6.vstat sshftp://gra2//root/vmstate/gra2-6.vstat
restoring /root/vmstate/gra2-6.vstat from gra2... 
ssh grb2 ssh gra2 virsh restore /root/vmstate/gra2-6.vstat
gridftp 73.1477277279 14.7648727894 23.831526041 34.5513288975
finish 73.6088049412 541.911544085
released.
ssh grb2 "virsh migrate --live gra2-5 qemu+ssh://gra2/system"
ssh grb2 "mkdir -p /root/vmstate; ssh gra2 mkdir -p /root/vmstate"
17 has started.
list=[ 18 19 20 21 22 23 24 25 26 27 28 29 ] mq=[ 17 ] susq=[ ]
waiting ...
ssh grb2 "rm -rf /root/vmstate/gra2-5.vstat; ssh gra2 rm -rf /root/vmstate/gra2-5.vstat"
saving gra2-5 to /root/vmstate/gra2-5.vstat ... 
ssh grb2 virsh save gra2-5 /root/vmstate/gra2-5.vstat
transferring /root/vmstate/gra2-5.vstat to gra2 ... 
ssh grb2 globus-url-copy -p 1 /root/vmstate/gra2-5.vstat sshftp://gra2//root/vmstate/gra2-5.vstat
restoring /root/vmstate/gra2-5.vstat from gra2... 
ssh grb2 ssh gra2 virsh restore /root/vmstate/gra2-5.vstat
gridftp 72.6392269135 16.8634939194 29.6926951408 26.0830378532
finish 73.3466379642 615.258728981
released.
ssh grb4 "virsh migrate --live gra4-2 qemu+ssh://gra4/system"
 18 has started.
list=[ 19ssh grb4 "mkdir -p /root/vmstate; ssh gra4 mkdir -p /root/vmstate"
 20 21 22 23 24 25 26 27 28 29 ] mq=[ 18 ] susq=[ ]
waiting ...
ssh grb4 "rm -rf /root/vmstate/gra4-2.vstat; ssh gra4 rm -rf /root/vmstate/gra4-2.vstat"
saving gra4-2 to /root/vmstate/gra4-2.vstat ... 
ssh grb4 virsh save gra4-2 /root/vmstate/gra4-2.vstat
transferring /root/vmstate/gra4-2.vstat to gra4 ... 
ssh grb4 globus-url-copy -p 1 /root/vmstate/gra4-2.vstat sshftp://gra4//root/vmstate/gra4-2.vstat
restoring /root/vmstate/gra4-2.vstat from gra4... 
ssh grb4 ssh gra4 virsh restore /root/vmstate/gra4-2.vstat
gridftp 30.345154047 13.7827630043 10.0433440208 6.51904702187
finish 30.7829210758 646.042222023
released.
ssh grb4 "virsh migrate --live gra4-3 qemu+ssh://gra4/system"
 19 has started.
list=[ 20ssh grb4 "mkdir -p /root/vmstate; ssh gra4 mkdir -p /root/vmstate"
 21 22 23 24 25 26 27 28 29 ] mq=[ 19 ] susq=[ ]
waiting ...
ssh grb4 "rm -rf /root/vmstate/gra4-3.vstat; ssh gra4 rm -rf /root/vmstate/gra4-3.vstat"
saving gra4-3 to /root/vmstate/gra4-3.vstat ... 
ssh grb4 virsh save gra4-3 /root/vmstate/gra4-3.vstat
transferring /root/vmstate/gra4-3.vstat to gra4 ... 
ssh grb4 globus-url-copy -p 1 /root/vmstate/gra4-3.vstat sshftp://gra4//root/vmstate/gra4-3.vstat
restoring /root/vmstate/gra4-3.vstat from gra4... 
ssh grb4 ssh gra4 virsh restore /root/vmstate/gra4-3.vstat
gridftp 64.9269852638 13.6806321144 18.7119510174 32.534402132
finish 68.4950559139 714.537827969
released.
ssh grb4 "virsh migrate --live gra4-1 qemu+ssh://gra4/system"
 20 has started.
list=[ 21 ssh grb4 "mkdir -p /root/vmstate; ssh gra4 mkdir -p /root/vmstate"
22 23 24 25 26 27 28 29 ] mq=[ 20 ] susq=[ ]
waiting ...
ssh grb4 "rm -rf /root/vmstate/gra4-1.vstat; ssh gra4 rm -rf /root/vmstate/gra4-1.vstat"
saving gra4-1 to /root/vmstate/gra4-1.vstat ... 
ssh grb4 virsh save gra4-1 /root/vmstate/gra4-1.vstat
transferring /root/vmstate/gra4-1.vstat to gra4 ... 
ssh grb4 globus-url-copy -p 1 /root/vmstate/gra4-1.vstat sshftp://gra4//root/vmstate/gra4-1.vstat
restoring /root/vmstate/gra4-1.vstat from gra4... 
ssh grb4 ssh gra4 virsh restore /root/vmstate/gra4-1.vstat
gridftp 70.8986506462 14.6133677959 23.2461738586 33.0391089916
finish 71.5577421188 786.09612608
released.
ssh grb4 "virsh migrate --live gra4-4 qemu+ssh://gra4/system"
 21 has started.
list=[ ssh grb4 "mkdir -p /root/vmstate; ssh gra4 mkdir -p /root/vmstate"
22 23 24 25 26 27 28 29 ] mq=[ 21 ] susq=[ ]
waiting ...
ssh grb4 "rm -rf /root/vmstate/gra4-4.vstat; ssh gra4 rm -rf /root/vmstate/gra4-4.vstat"
saving gra4-4 to /root/vmstate/gra4-4.vstat ... 
ssh grb4 virsh save gra4-4 /root/vmstate/gra4-4.vstat
transferring /root/vmstate/gra4-4.vstat to gra4 ... 
ssh grb4 globus-url-copy -p 1 /root/vmstate/gra4-4.vstat sshftp://gra4//root/vmstate/gra4-4.vstat
restoring /root/vmstate/gra4-4.vstat from gra4... 
ssh grb4 ssh gra4 virsh restore /root/vmstate/gra4-4.vstat
gridftp 84.8508901596 17.1847829819 28.411550045 39.2545571327
finish 85.5830841064 871.679767132
released.
ssh grb5 "virsh migrate --live gra5-2 qemu+ssh://gra5/system"
 22 has started.
list=[ 23ssh grb5 "mkdir -p /root/vmstate; ssh gra5 mkdir -p /root/vmstate"
 24 25 26 27 28 29 ] mq=[ 22 ] susq=[ ]
waiting ...
ssh grb5 "rm -rf /root/vmstate/gra5-2.vstat; ssh gra5 rm -rf /root/vmstate/gra5-2.vstat"
saving gra5-2 to /root/vmstate/gra5-2.vstat ... 
ssh grb5 virsh save gra5-2 /root/vmstate/gra5-2.vstat
transferring /root/vmstate/gra5-2.vstat to gra5 ... 
ssh grb5 globus-url-copy -p 1 /root/vmstate/gra5-2.vstat sshftp://gra5//root/vmstate/gra5-2.vstat
restoring /root/vmstate/gra5-2.vstat from gra5... 
ssh grb5 ssh gra5 virsh restore /root/vmstate/gra5-2.vstat
gridftp 29.5738971233 13.2851262093 10.8844749928 5.40429592133
finish 30.0208921432 901.701244116
released.
ssh grb5 "virsh migrate --live gra5-1 qemu+ssh://gra5/system"
 23 has started.
list=[ 24 25ssh grb5 "mkdir -p /root/vmstate; ssh gra5 mkdir -p /root/vmstate"
 26 27 28 29 ] mq=[ 23 ] susq=[ ]
waiting ...
ssh grb5 "rm -rf /root/vmstate/gra5-1.vstat; ssh gra5 rm -rf /root/vmstate/gra5-1.vstat"
saving gra5-1 to /root/vmstate/gra5-1.vstat ... 
ssh grb5 virsh save gra5-1 /root/vmstate/gra5-1.vstat
transferring /root/vmstate/gra5-1.vstat to gra5 ... 
ssh grb5 globus-url-copy -p 1 /root/vmstate/gra5-1.vstat sshftp://gra5//root/vmstate/gra5-1.vstat
restoring /root/vmstate/gra5-1.vstat from gra5... 
ssh grb5 ssh gra5 virsh restore /root/vmstate/gra5-1.vstat
gridftp 68.1722609997 15.6682798862 18.2327489853 34.2712321281
finish 73.3575048447 975.059289932
released.
ssh grb6 "virsh migrate --live gra6-1 qemu+ssh://gra6/system"
 24 has started.
list=[ 25 ssh grb6 "mkdir -p /root/vmstate; ssh gra6 mkdir -p /root/vmstate"
26 27 28 29 ] mq=[ 24 ] susq=[ ]
waiting ...
ssh grb6 "rm -rf /root/vmstate/gra6-1.vstat; ssh gra6 rm -rf /root/vmstate/gra6-1.vstat"
saving gra6-1 to /root/vmstate/gra6-1.vstat ... 
ssh grb6 virsh save gra6-1 /root/vmstate/gra6-1.vstat
transferring /root/vmstate/gra6-1.vstat to gra6 ... 
ssh grb6 globus-url-copy -p 1 /root/vmstate/gra6-1.vstat sshftp://gra6//root/vmstate/gra6-1.vstat
restoring /root/vmstate/gra6-1.vstat from gra6... 
ssh grb6 ssh gra6 virsh restore /root/vmstate/gra6-1.vstat
gridftp 31.964451313 11.0801661015 10.6022901535 10.2819950581
finish 32.4049191475 1007.4647541
released.
ssh grb1 "virsh migrate --live gra1-4 qemu+ssh://gra1/system"
 25 has started.
list=[ 26ssh grb1 "mkdir -p /root/vmstate; ssh gra1 mkdir -p /root/vmstate"
 27 28 29 ] mq=[ 25 ] susq=[ ]
waiting ...
ssh grb1 "rm -rf /root/vmstate/gra1-4.vstat; ssh gra1 rm -rf /root/vmstate/gra1-4.vstat"
saving gra1-4 to /root/vmstate/gra1-4.vstat ... 
ssh grb1 virsh save gra1-4 /root/vmstate/gra1-4.vstat
transferring /root/vmstate/gra1-4.vstat to gra1 ... 
ssh grb1 globus-url-copy -p 1 /root/vmstate/gra1-4.vstat sshftp://gra1//root/vmstate/gra1-4.vstat
restoring /root/vmstate/gra1-4.vstat from gra1... 
ssh grb1 ssh gra1 virsh restore /root/vmstate/gra1-4.vstat
gridftp 157.112588882 47.6044280529 41.7930169106 67.715143919
finish 157.594917059 1165.06022811
released.
ssh grb5 "virsh migrate --live gra5-3 qemu+ssh://gra5/system"
ssh grb5 "mkdir -p /root/vmstate; ssh gra5 mkdir -p /root/vmstate"
26 has started.
list=[ 27 28 29 ] mq=[ 26 ] susq=[ ]
waiting ...
ssh grb5 "rm -rf /root/vmstate/gra5-3.vstat; ssh gra5 rm -rf /root/vmstate/gra5-3.vstat"
saving gra5-3 to /root/vmstate/gra5-3.vstat ... 
ssh grb5 virsh save gra5-3 /root/vmstate/gra5-3.vstat
transferring /root/vmstate/gra5-3.vstat to gra5 ... 
ssh grb5 globus-url-copy -p 1 /root/vmstate/gra5-3.vstat sshftp://gra5//root/vmstate/gra5-3.vstat
restoring /root/vmstate/gra5-3.vstat from gra5... 
ssh grb5 ssh gra5 virsh restore /root/vmstate/gra5-3.vstat
gridftp 158.473485947 45.515707016 45.0459039211 67.9118750095
finish 159.188196898 1324.24894404
released.
ssh grb7 "virsh migrate --live gra7-1 qemu+ssh://gra7/system"
ssh grb7 "mkdir -p /root/vmstate; ssh gra7 mkdir -p /root/vmstate"
27 has started.
list=[ 28 29 ] mq=[ 27 ] susq=[ ]
waiting ...
ssh grb7 "rm -rf /root/vmstate/gra7-1.vstat; ssh gra7 rm -rf /root/vmstate/gra7-1.vstat"
saving gra7-1 to /root/vmstate/gra7-1.vstat ... 
ssh grb7 virsh save gra7-1 /root/vmstate/gra7-1.vstat
transferring /root/vmstate/gra7-1.vstat to gra7 ... 
ssh grb7 globus-url-copy -p 1 /root/vmstate/gra7-1.vstat sshftp://gra7//root/vmstate/gra7-1.vstat
restoring /root/vmstate/gra7-1.vstat from gra7... 
ssh grb7 ssh gra7 virsh restore /root/vmstate/gra7-1.vstat
gridftp 128.127168179 50.3947060108 33.0790481567 44.653414011
finish 128.564437151 1452.81390715
released.
ssh grb7 "virsh migrate --live gra7-2 qemu+ssh://gra7/system"
ssh grb7 "mkdir -p /root/vmstate; ssh gra7 mkdir -p /root/vmstate"
28 has started.
list=[ 29 ] mq=[ 28 ] susq=[ ]
waiting ...
ssh grb7 "rm -rf /root/vmstate/gra7-2.vstat; ssh gra7 rm -rf /root/vmstate/gra7-2.vstat"
saving gra7-2 to /root/vmstate/gra7-2.vstat ... 
ssh grb7 virsh save gra7-2 /root/vmstate/gra7-2.vstat
transferring /root/vmstate/gra7-2.vstat to gra7 ... 
ssh grb7 globus-url-copy -p 1 /root/vmstate/gra7-2.vstat sshftp://gra7//root/vmstate/gra7-2.vstat
restoring /root/vmstate/gra7-2.vstat from gra7... 
ssh grb7 ssh gra7 virsh restore /root/vmstate/gra7-2.vstat
gridftp 156.253212929 43.0167989731 43.8803670406 69.3560469151
finish 156.80060482 1609.61505294
released.
ssh grb6 "virsh migrate --live gra6-2 qemu+ssh://gra6/system"
 29 has started.
list=[ ] mq=[ 29 ] susq=[ ]
ssh grb6 "mkdir -p /root/vmstate; ssh gra6 mkdir -p /root/vmstate"
waiting ...
ssh grb6 "rm -rf /root/vmstate/gra6-2.vstat; ssh gra6 rm -rf /root/vmstate/gra6-2.vstat"
saving gra6-2 to /root/vmstate/gra6-2.vstat ... 
ssh grb6 virsh save gra6-2 /root/vmstate/gra6-2.vstat
transferring /root/vmstate/gra6-2.vstat to gra6 ... 
ssh grb6 globus-url-copy -p 1 /root/vmstate/gra6-2.vstat sshftp://gra6//root/vmstate/gra6-2.vstat
restoring /root/vmstate/gra6-2.vstat from gra6... 
ssh grb6 ssh gra6 virsh restore /root/vmstate/gra6-2.vstat
gridftp 212.395740747 64.236964941 62.8774688244 85.281306982
finish 212.838518143 1822.4541471
released.
migrator done.
real 1822.52
user 1.48
sys 0.87

Thu Mar 14 14:10:58 2013
----------------
